<?xml version="1.0" encoding="UTF-8" ?>
<testsuite tests="14" failures="0" name="StatisticsServiceImplTest" time="0.125" errors="0" skipped="0">
  <properties>
[...]
</properties>
  <testcase classname="StatisticsServiceImplTest" name="givenSentenceWithTwoWordsOfSameLength_whenGetShortestWord_thenReturnFirstWord" time="0.047"/>
  <testcase classname="StatisticsServiceImplTest" name="givenSentenceWithOneWord_whenGetLongestWord_thenReturnWord" time="0"/>
  <testcase classname="StatisticsServiceImplTest" name="givenSentenceWithTwoWordsOfDifferentLengths_whenGetLongestWord_thenReturnLongerWord" time="0"/>
  <testcase classname="StatisticsServiceImplTest" name="givenSentenceWithTwoWordsOfSameLength_whenGetLongestWord_thenReturnFirstWord" time="0"/>
  <testcase classname="StatisticsServiceImplTest" name="givenSentenceWithOneWord_whenGetShortestWord_thenReturnWord" time="0"/>
  <testcase classname="StatisticsServiceImplTest" name="givenEmptySentence_whenGetLongestWord_thenReturnEmptyString" time="0"/>
  <testcase classname="StatisticsServiceImplTest" name="givenSentenceWithTwoWordsOfDifferentLengths_whenGetShortestWord_thenReturnShorterWord" time="0"/>
  <testcase classname="StatisticsServiceImplTest" name="givenSentenceWithMultipleWordsOfDifferentLengths_whenGetShortestWord_thenReturnShortestWord" time="0"/>
  <testcase classname="StatisticsServiceImplTest" name="givenNullSentence_whenGetShortestWord_thenThrowException" time="0"/>
  <testcase classname="StatisticsServiceImplTest" name="givenEmptySentence_whenGetShortestWord_thenReturnEmptyString" time="0"/>
  <testcase classname="StatisticsServiceImplTest" name="givenNullSentence_whenGetLongestWord_thenThrowException" time="0"/>
  <testcase classname="StatisticsServiceImplTest" name="givenSentenceWithMultipleSpacesOnly_whenGetLongestWord_thenReturnEmptyString" time="0.016"/>
  <testcase classname="StatisticsServiceImplTest" name="givenSentenceWithMultipleWordsOfDifferentLengths_whenGetLongestWord_thenReturnLongestWord" time="0"/>
  <testcase classname="StatisticsServiceImplTest" name="givenSentenceWithMultipleSpacesOnly_whenGetShortestWord_thenReturnEmptyString" time="0"/>
</testsuite>